2017-10-09 00:33:37,402 INFO __main__ checkcmdargs: Function called
2017-10-09 00:33:44,392 INFO __main__ checkcmdargs: Function called
2017-10-09 00:35:02,971 INFO __main__ checkcmdargs: Function called
2017-10-09 00:37:00,055 INFO __main__ checkcmdargs: Function called
2017-10-09 00:37:03,121 INFO __main__ checkcmdargs: Function called
2017-10-09 00:48:35,324 INFO __main__ checkcmdargs: Function called
2017-10-09 00:50:29,067 INFO __main__ checkcmdargs: Function called
2017-10-09 00:50:31,245 INFO __main__ checkcmdargs: Function called
2017-10-09 00:50:36,843 INFO __main__ checkcmdargs: Function called
2017-10-09 00:52:51,667 INFO __main__ checkcmdargs: Function called
2017-10-09 00:52:54,818 INFO __main__ checkcmdargs: Function called
2017-10-09 00:52:56,682 INFO __main__ checkcmdargs: Function called
2017-10-09 00:53:15,525 INFO __main__ checkcmdargs: Function called
2017-10-09 00:55:17,767 INFO __main__ checkcmdargs: Function called
2017-10-09 00:55:19,989 INFO __main__ checkcmdargs: Function called
2017-10-09 00:56:05,022 INFO __main__ checkcmdargs: Function called
2017-10-09 00:56:06,548 INFO __main__ checkcmdargs: Function called
2017-10-09 00:56:16,155 INFO __main__ checkcmdargs: Function called
2017-10-09 00:56:22,527 INFO __main__ checkcmdargs: Function called
2017-10-09 00:56:32,665 INFO __main__ checkcmdargs: Function called
2017-10-09 01:17:25,781 INFO __main__ checkcmdargs: Function called
2017-10-09 01:18:09,993 INFO __main__ checkcmdargs: Function called
2017-10-09 01:18:33,866 INFO __main__ checkcmdargs: Function called
2017-10-09 01:18:37,496 INFO __main__ checkcmdargs: Function called
2017-10-09 01:19:56,365 INFO __main__ checkcmdargs: Function called
2017-10-09 01:19:58,715 INFO __main__ checkcmdargs: Function called
2017-10-14 21:23:18,050 INFO __main__ checkcmdargs: Function called
2017-10-14 21:24:39,847 INFO __main__ checkcmdargs: Function called
2017-10-14 21:26:11,298 INFO __main__ checkcmdargs: Function called
2017-10-14 21:27:58,197 INFO __main__ checkcmdargs: Function called
2017-10-14 21:28:55,314 INFO __main__ checkcmdargs: Function called
2017-10-14 21:34:15,773 INFO __main__ checkcmdargs: Function called
2017-10-14 21:34:27,460 INFO __main__ checkcmdargs: Function called
2017-10-14 21:34:28,733 INFO __main__ checkcmdargs: Function called
2017-10-14 21:34:29,696 INFO __main__ checkcmdargs: Function called
2017-10-14 21:34:54,381 INFO __main__ checkcmdargs: Function called
2017-10-14 21:36:13,426 INFO __main__ checkcmdargs: Function called
2017-10-14 23:12:08,761 INFO __main__ checkcmdargs: Function called
2017-10-14 23:12:13,570 INFO __main__ checkcmdargs: Function called
2017-10-14 23:13:35,787 INFO __main__ checkcmdargs: Function called
2017-10-15 13:24:05,877 INFO __main__ checkcmdargs: Function called
2017-10-15 13:24:20,562 INFO __main__ checkcmdargs: Function called
2017-10-15 13:24:37,533 INFO __main__ checkcmdargs: Function called
2017-10-15 13:43:22,999 INFO __main__ checkcmdargs: Function called
2017-10-15 13:43:51,763 INFO __main__ checkcmdargs: Function called
2017-10-15 13:46:55,948 INFO __main__ checkcmdargs: Function called
2017-10-15 13:53:33,524 INFO __main__ checkcmdargs: Function called
2017-10-15 13:53:37,849 INFO __main__ checkcmdargs: Function called
2017-10-15 13:53:51,591 INFO __main__ checkcmdargs: Function called
2017-10-15 16:05:07,072 INFO __main__ checkcmdargs: Function called
2017-10-15 16:05:10,114 INFO __main__ checkcmdargs: Function called
2017-10-15 16:06:59,623 INFO __main__ checkcmdargs: Function called
2017-10-15 16:07:23,077 INFO __main__ checkcmdargs: Function called
2017-10-15 16:11:50,294 INFO __main__ checkcmdargs: Function called
2017-10-15 16:11:58,439 INFO __main__ checkcmdargs: Function called
2017-10-15 16:18:28,918 INFO __main__ checkcmdargs: Function called
2017-10-15 16:18:33,950 INFO __main__ checkcmdargs: Function called
2017-10-15 16:18:36,866 INFO __main__ checkcmdargs: Function called
2017-10-15 16:19:01,653 INFO __main__ checkcmdargs: Function called
2017-11-11 19:55:14,789 INFO __main__ checkcmdargs: Function called
2017-11-11 19:55:14,790 ERROR __main__ checkcmdargs: Exception: 
Traceback (most recent call last):
  File "/Users/ae/Dropbox/Docs/Python/PythonMessenger/log_config.py", line 35, in call
    return func(*args, **kwargs)
  File "/Users/ae/Dropbox/Docs/Python/PythonMessenger/client.py", line 17, in checkcmdargs
    args[0] = argv[1] if len(argv) > 1 else ADDRESS
TypeError: 'range' object does not support item assignment
2017-11-11 19:55:33,429 INFO __main__ checkcmdargs: Function called
2017-11-11 19:55:35,522 INFO __main__ checkcmdargs: Function called
2017-11-11 19:55:40,501 INFO __main__ checkcmdargs: Function called
2017-11-11 19:56:18,261 INFO __main__ checkcmdargs: Function called
2017-11-11 19:56:25,619 INFO __main__ checkcmdargs: Function called
2017-11-11 19:57:00,184 INFO __main__ checkcmdargs: Function called
2017-11-11 19:59:42,130 INFO __main__ checkcmdargs: Function called
2017-11-11 20:00:52,552 INFO __main__ checkcmdargs: Function called
2017-11-11 20:02:34,301 INFO __main__ checkcmdargs: Function called
2017-11-11 20:04:17,694 INFO __main__ checkcmdargs: Function called
2017-11-11 20:05:54,191 INFO __main__ checkcmdargs: Function called
2017-11-11 20:05:56,673 INFO __main__ checkcmdargs: Function called
2017-11-11 20:06:17,605 INFO __main__ checkcmdargs: Function called
2017-11-11 20:08:34,182 INFO __main__ checkcmdargs: Function called
2017-11-11 20:09:12,134 INFO __main__ checkcmdargs: Function called
