12.818419
8.389137
9.624086
7.492087
14.067930
7.081374
11.291947
13.249444
10.719487
9.749712
11.897054
13.098606
10.018087
12.303387
14.784662
10.551981
8.744793
11.610133
10.277435
9.175447
9.955931
8.110301
11.795655
9.171972
8.751604
6.637161
12.343483
10.598959
8.162439
11.266526
8.026731
4.501021
7.550457
9.542235
10.665076
14.679737
8.912232
12.962070
9.218634
7.101175
11.598474
10.964839
9.189209
10.306587
7.788571
9.047544
4.875930
10.816355
6.400240
10.079680
11.067915
7.020218
10.534695
8.361366
8.770395
12.292550
10.061217
7.437425
10.858455
7.713801
10.123118
8.472181
11.739376
6.423727
5.297641
12.539545
8.594840
15.733240
15.658744
6.745056
10.097744
10.955610
11.929980
9.650356
9.132923
5.700718
16.250296
6.843089
6.522515
10.048333
9.400765
10.525797
13.731402
12.599135
8.235585
6.333874
12.905696
12.006042
12.039532
14.419999
9.236499
7.837743
5.658891
10.788698
12.381319
12.543939
4.874431
10.749204
8.148014
5.543000
13.044292
5.936836
4.601100
8.361900
8.930251
13.521792
9.406740
9.220683
9.492399
11.608238
13.370925
8.704766
10.672824
12.766562
16.265372
2.813752
10.475325
10.944504
5.382883
8.766969
11.003758
6.709884
15.620196
7.422605
15.678644
8.644033
10.670953
9.187111
11.574751
7.855175
9.350814
12.781967
10.671770
12.340340
8.565390
12.545771
11.956407
13.603162
6.101523
11.446972
9.606394
15.648411
7.172848
9.806870
7.787710
9.830677
12.247178
7.489671
7.365835
10.551066
8.324578
6.360006
13.504353
11.598420
14.559981
15.618895
5.220562
7.737769
9.926643
12.372357
14.185284
11.597895
8.036197
11.460695
12.716609
13.079836
13.392576
8.415936
7.328080
4.872413
11.921670
13.850856
7.725240
12.529960
12.378756
11.346148
12.781934
14.519666
10.620591
15.304080
10.582875
9.928565
5.686716
9.617265
15.448361
5.984251
10.076579
11.816047
12.756720
12.749457
12.332230
5.118549
9.691357
14.032845
3.661110
9.686286
6.011789
9.061542
9.820577
7.598265
5.430956
9.108749
9.207913
9.243632
13.900229
11.132011
8.937966
12.099450
8.738101
7.731140
11.703074
16.523136
7.546448
6.797652
10.568294
12.741157
8.683736
13.536351
2.764077
11.376190
8.924221
10.339585
8.828596
6.349071
9.253037
7.138943
8.870996
7.138063
12.055415
8.368847
14.412115
10.765301
12.282244
9.531689
9.858266
9.606580
9.570763
16.444768
14.612184
8.837110
4.769257
6.450859
15.811877
10.582812
10.964262
9.416401
14.220913
8.658175
13.792169
12.825214
10.006713
8.904106
8.772604
10.886659
8.585291
11.398934
10.242468
8.872284
4.934692
10.972155
3.853336
13.008967
10.589431
8.013798
8.817544
7.217670
10.751301
8.459755
5.643554
8.546643
9.373797
7.579355
10.657080
11.312241
10.540628
8.579626
15.089793
10.566475
7.937776
11.049389
12.740540
16.380100
16.136869
10.132138
10.725752
11.988308
7.102133
2.399121
6.216242
8.900408
9.048507
12.970030
5.173601
13.857454
11.981896
9.493695
8.077309
9.279669
12.317526
16.086439
11.517548
8.919761
5.013498
6.620051
9.805013
12.468970
13.403090
2.321035
14.448268
8.026348
11.696429
11.014875
10.868209
9.869304
6.478061
8.655318
11.736429
10.028759
8.705141
10.347929
9.782053
8.623089
12.999744
8.725640
8.971089
4.314682
11.190307
7.723304
8.082924
9.241647
8.688313
8.615079
8.636756
7.815086
6.714516
11.642895
10.128358
14.064695
3.474811
11.210028
12.705007
15.781192
19.112249
8.348380
10.746995
-0.408133
13.973073
13.989832
7.466658
15.227188
10.345872
5.601269
7.079172
6.746765
6.816375
9.461643
10.946605
8.954746
14.641040
8.844742
12.800809
14.896683
9.884553
9.910652
7.506271
8.217283
4.714831
7.922776
10.290289
7.241025
13.081544
13.459778
8.747286
7.276944
5.805877
11.794435
8.734901
15.537921
13.868324
11.174243
6.121359
10.114880
17.041460
8.945210
6.929592
11.978045
13.075677
12.840767
3.105071
9.986194
6.429866
10.677910
10.923829
10.885998
4.935728
7.932598
12.212736
18.770804
11.895923
13.342261
8.204782
7.667306
13.849408
5.348667
10.873292
4.048152
16.050678
10.562478
11.937565
15.082145
8.088654
9.596599
7.507979
10.530076
11.707472
12.996041
8.696856
12.765749
9.363127
8.418135
9.473578
8.590505
8.139266
11.087238
7.269273
6.185599
13.209052
7.637277
7.655269
13.143263
14.258054
4.741920
7.744844
5.060035
9.871200
8.999143
12.767785
9.237196
8.447511
11.480103
18.006771
9.656942
12.515203
9.233501
8.875639
10.064616
9.982053
3.915782
11.154793
5.370339
1.377205
10.626606
13.157610
10.247514
10.501981
15.079175
7.198960
13.395353
8.580146
8.880815
8.333076
5.875985
10.739701
8.700592
11.001988
9.383292
10.958430
6.205971
8.825002
7.542289
12.957433
7.002417
8.688512
11.591008
13.395068
14.106399
8.172330
9.066368
6.563063
11.686923
5.575470
6.752819
8.817736
8.115055
12.940913
13.230502
5.581064
8.684533
8.605411
11.109343
11.272087
7.113497
13.004813
13.576089
8.990067
8.116330
10.948986
8.948984
10.719766
10.094964
7.377502
4.806672
5.001291
12.996894
11.574955
11.358853
8.310728
7.405537
7.283036
4.206532
8.462620
9.457243
9.262059
8.764503
4.993776
11.144926
6.849522
8.983281
13.269563
11.381064
12.458870
13.147393
12.800713
6.954308
5.726538
16.076935
9.562318
12.426141
10.038756
11.055679
12.153858
11.681994
7.075063
7.462300
7.523004
10.875581
10.735607
10.280793
13.743786
6.497776
11.355730
5.041047
12.118571
11.846103
11.211643
9.698441
7.092300
10.296796
13.027237
6.790852
10.801629
9.506386
12.955763
13.955008
4.034886
6.064010
2.805661
14.282161
10.631837
9.901288
11.707985
7.152525
9.323188
9.482013
10.157349
15.186294
6.872821
4.938649
8.674397
8.137739
6.004465
10.793456
10.826768
11.474843
11.032749
8.774823
15.975478
9.545026
4.417535
3.660916
8.447447
9.396868
8.023968
15.497135
7.382615
8.705037
11.159812
8.298873
6.206034
14.118442
10.678225
6.651702
7.844700
12.848554
6.137423
10.186854
13.345033
10.365524
5.018539
6.946610
7.133211
11.581750
16.362144
7.324047
6.610132
10.800256
10.271231
9.934996
9.901260
11.429886
7.520806
10.087791
8.772458
10.393536
9.573341
8.998663
10.783713
5.537318
14.122696
10.505950
5.209567
12.634679
12.649536
8.277439
6.743366
11.994895
5.980968
9.072853
13.633262
10.237417
12.072920
15.663236
11.593924
9.876475
15.116705
4.494650
7.945515
10.924434
5.901510
10.360397
8.642784
12.507540
12.000375
8.218610
8.718192
9.789612
11.898346
14.878860
13.602064
10.419225
14.185896
12.279513
7.902536
8.402746
11.354993
9.920710
13.722421
10.271175
11.987291
13.698981
11.374573
11.023911
9.707800
6.802458
16.291793
9.187113
7.233246
9.265834
11.094334
8.428079
7.534192
12.073591
12.772536
15.142266
14.274941
11.750628
10.935715
10.699422
8.374492
12.031195
9.477882
8.754491
6.240837
10.039096
11.174850
15.206728
7.771738
11.216241
7.179427
15.659523
6.202692
16.425922
14.785711
7.125016
9.332681
8.458302
13.244543
11.976386
8.392842
12.424963
7.548664
7.021961
10.327263
12.842130
12.153484
6.552638
11.082045
5.960062
11.797421
9.755285
6.609723
14.589765
6.319975
12.025004
7.830679
10.582514
9.178271
11.498719
11.757070
7.166460
10.054279
8.124871
6.038046
8.002534
11.760586
7.832356
6.727968
11.559979
8.938116
8.647697
11.669270
11.071661
7.958214
6.373327
8.275045
14.703512
5.129350
9.753105
9.159989
14.262073
14.429697
14.028974
12.512604
7.924453
6.616160
8.808984
4.130540
6.777791
11.982960
9.480877
10.939638
11.224319
10.724937
9.564787
9.869324
8.668225
7.295954
8.778387
11.519801
9.206887
3.173519
6.209666
15.883742
8.657203
14.001764
12.699163
7.658861
8.776897
4.106069
11.636963
4.527948
6.721078
9.460597
10.913178
12.749922
13.525203
8.000538
12.186814
9.696405
9.688161
15.900880
8.813167
11.719638
9.109043
12.243071
9.796987
10.792028
11.299610
10.953952
13.033897
7.552324
10.317412
4.790221
12.378518
13.975425
8.779510
13.766233
8.944083
11.181512
10.904375
15.149873
10.876150
10.431832
11.484084
10.091451
2.927349
12.098367
13.142754
4.922938
15.857543
4.751354
10.388424
8.580025
9.957768
15.187914
3.016959
15.667149
13.668560
7.977860
5.629238
13.585676
12.651476
12.361545
8.105708
13.418491
12.292066
13.639738
5.311223
6.885608
8.146854
11.898525
12.076615
8.503336
7.359380
8.362053
11.187612
12.432944
11.059336
9.301524
7.784585
8.980082
9.674208
9.755372
3.890021
11.917401
11.267481
12.095455
9.203932
10.862714
7.199956
9.184482
11.493514
13.190490
9.764724
9.774391
9.592582
7.519331
16.474569
9.571674
10.136448
10.094103
9.997258
10.309105
14.795589
5.968503
7.496179
14.307088
11.294815
14.296872
7.031025
11.134684
9.081013
13.929818
15.335426
1.731966
13.127607
11.403534
14.491268
6.872498
12.402763
6.799787
7.211594
7.621360
12.044740
10.605925
10.113203
12.723970
11.945023
9.404644
11.297417
11.592349
9.569768
8.486327
9.962634
9.312302
13.631893
14.639684
8.054915
13.852193
12.646819
10.387325
13.289536
9.918022
10.320114
10.835284
12.150213
12.034870
12.722964
10.547481
11.980676
10.649063
14.102433
12.686448
10.046387
12.070041
10.272696
14.277807
7.436028
16.110011
9.917673
9.235288
14.676672
13.300628
8.379155
8.305121
9.278822
11.764701
12.604850
11.826482
9.008242
6.088505
12.901792
9.843644
13.259777
7.353344
11.458033
6.073580
7.906443
10.244797
10.045145
8.219351
6.399811
6.677279
11.351598
9.346949
11.757256
6.356241
10.326516
12.661670
5.808982
8.482111
12.257613
9.894836
10.624354
10.951327
10.092377
9.913198
8.976386
10.478923
15.852437
9.072919
11.677731
3.247697
11.441713
8.790963
13.395027
11.119128
12.513178
9.134630
12.217201
13.498072
6.129707
13.042356
12.172076
4.623631
12.600501
7.457636
3.452286
9.976070
15.096439
11.061096
7.288163
12.100851
8.865064
12.209956
11.966739
13.691166
3.503954
4.214790
9.146365
8.855612
7.507342
10.956898
10.076407
7.656723
11.068634
10.342462
12.901939
12.765545
15.254482
