   27.1    80.6
   59.2    84.4
  132.6    62.4
   40.8    69.6
   42.1    52.5
  210.5    84.5
   60.3    67.5
  139.8    88.5
  124.5    73.5
  240.4    55.7
  103.7    69.5
  171.1    67.6
   88.2    80.8
  171.5    77.8
  197.3    71.4
   19.8    77.8
   98.7    65.9
  338.2    70.1
   10.4    73.3
  236.1    72.9
  174.4    77.7
   63.6    66.8
  290.3    72.5
  266.9    79.4
   81.8    67.9
  109.8    59.7
   28.5    76.4
  324.1    74.1
  333.1    74.7
  313.6    66.9
   13.0    74.0
  335.2    78.6
  178.9    76.3
   56.9    86.5
  227.6    80.7
   34.6    74.9
  265.2    56.5
  257.1    81.9
  336.4    72.9
  195.2    61.4
   23.5    67.0
  258.0    85.6
  229.5    82.4
  235.8    86.3
  285.7    73.4
    1.8    82.5
  273.9    77.8
  169.8    70.6
  346.1    84.6
  251.1    83.3
  252.0    66.9
  253.9    76.1
   32.3    87.1
  129.0    76.7
   87.4    62.7
  164.4    67.2
   14.1    80.6
  128.9    78.0
  287.0    86.4
  102.9    64.0
   26.4    80.9
  182.6    68.3
  291.6    85.7
  189.4    80.9
  205.7    78.9
  346.8    83.8
   54.8    61.2
  309.5    70.9
  328.7    71.8
  341.5    80.4
  139.5    65.3
  259.0    75.2
   19.0    67.2
  280.8    72.0
   22.1    72.5
  164.8    65.4
  148.9    63.1
  157.4    83.5
  144.8    76.7
  219.2    81.9
  137.6    76.6
  185.8    76.6
   96.4    75.6
  225.3    67.2
   55.7    64.6
  270.4    81.5
  212.1    78.7
  116.9    64.5
  100.1    74.0
  219.4    62.2
  287.7    75.0
  144.7    81.8
  262.1    69.9
  179.9    71.0
   50.4    79.5
  151.7    77.5
  339.5    73.2
  261.7    62.2
  337.6    62.7
  174.6    65.9
