This file contains any messages produced by compilers while
running configure, to aid debugging if configure makes a mistake.

It was created by vowpal_wabbit configure 8.4.0, which was
generated by GNU Autoconf 2.69.  Invocation command line was

  $ ./configure CXX=g++

## --------- ##
## Platform. ##
## --------- ##

hostname = Scott-MBP
uname -m = x86_64
uname -r = 17.2.0
uname -s = Darwin
uname -v = Darwin Kernel Version 17.2.0: Fri Sep 29 18:27:05 PDT 2017; root:xnu-4570.20.62~3/RELEASE_X86_64

/usr/bin/uname -p = i386
/bin/uname -X     = unknown

/bin/arch              = unknown
/usr/bin/arch -k       = unknown
/usr/convex/getsysinfo = unknown
/usr/bin/hostinfo      = Mach kernel version:
	 Darwin Kernel Version 17.2.0: Fri Sep 29 18:27:05 PDT 2017; root:xnu-4570.20.62~3/RELEASE_X86_64
Kernel configured for up to 8 processors.
4 processors are physically available.
8 processors are logically available.
Processor type: x86_64h (Intel x86-64h Haswell)
Processors active: 0 1 2 3 4 5 6 7
Primary memory available: 16.00 gigabytes
Default processor set: 413 tasks, 2152 threads, 8 processors
Load average: 3.40, Mach factor: 4.59
/bin/machine           = unknown
/usr/bin/oslevel       = unknown
/bin/universe          = unknown

PATH: /Users/scottgraham/venvs/test_vw/bin
PATH: /usr/local/sbin
PATH: /usr/local/bin
PATH: /usr/bin
PATH: /bin
PATH: /usr/sbin
PATH: /sbin
PATH: /Library/TeX/texbin


## ----------- ##
## Core tests. ##
## ----------- ##

configure:2492: checking for a BSD-compatible install
configure:2560: result: /usr/bin/install -c
configure:2571: checking whether build environment is sane
configure:2626: result: yes
configure:2777: checking for a thread-safe mkdir -p
configure:2816: result: ./install-sh -c -d
configure:2823: checking for gawk
configure:2853: result: no
configure:2823: checking for mawk
configure:2853: result: no
configure:2823: checking for nawk
configure:2853: result: no
configure:2823: checking for awk
configure:2839: found /usr/bin/awk
configure:2850: result: awk
configure:2861: checking whether make sets $(MAKE)
configure:2883: result: yes
configure:2912: checking whether make supports nested variables
configure:2929: result: yes
configure:3173: checking for C++ compiler version
configure:3182: g++ --version >&5
Apple LLVM version 9.0.0 (clang-900.0.38)
Target: x86_64-apple-darwin17.2.0
Thread model: posix
InstalledDir: /Applications/Xcode.app/Contents/Developer/Toolchains/XcodeDefault.xctoolchain/usr/bin
Configured with: --prefix=/Applications/Xcode.app/Contents/Developer/usr --with-gxx-include-dir=/usr/include/c++/4.2.1
configure:3193: $? = 0
configure:3182: g++ -v >&5
Configured with: --prefix=/Applications/Xcode.app/Contents/Developer/usr --with-gxx-include-dir=/usr/include/c++/4.2.1
Apple LLVM version 9.0.0 (clang-900.0.38)
Target: x86_64-apple-darwin17.2.0
Thread model: posix
InstalledDir: /Applications/Xcode.app/Contents/Developer/Toolchains/XcodeDefault.xctoolchain/usr/bin
configure:3193: $? = 0
configure:3182: g++ -V >&5
clang: error: argument to '-V' is missing (expected 1 value)
clang: error: no input files
configure:3193: $? = 1
configure:3182: g++ -qversion >&5
clang: error: unknown argument: '-qversion'
clang: error: no input files
configure:3193: $? = 1
configure:3213: checking whether the C++ compiler works
configure:3235: g++    conftest.cpp  >&5
configure:3239: $? = 0
configure:3287: result: yes
configure:3290: checking for C++ compiler default output file name
configure:3292: result: a.out
configure:3298: checking for suffix of executables
configure:3305: g++ -o conftest    conftest.cpp  >&5
configure:3309: $? = 0
configure:3331: result: 
configure:3353: checking whether we are cross compiling
configure:3361: g++ -o conftest    conftest.cpp  >&5
configure:3365: $? = 0
configure:3372: ./conftest
configure:3376: $? = 0
configure:3391: result: no
configure:3396: checking for suffix of object files
configure:3418: g++ -c   conftest.cpp >&5
configure:3422: $? = 0
configure:3443: result: o
configure:3447: checking whether we are using the GNU C++ compiler
configure:3466: g++ -c   conftest.cpp >&5
configure:3466: $? = 0
configure:3475: result: yes
configure:3484: checking whether g++ accepts -g
configure:3504: g++ -c -g  conftest.cpp >&5
configure:3504: $? = 0
configure:3545: result: yes
configure:3579: checking for style of include used by make
configure:3607: result: GNU
configure:3633: checking dependency style of g++
configure:3744: result: gcc3
configure:3764: checking how to run the C++ preprocessor
configure:3791: g++ -E  conftest.cpp
configure:3791: $? = 0
configure:3805: g++ -E  conftest.cpp
conftest.cpp:11:10: fatal error: 'ac_nonexistent.h' file not found
#include <ac_nonexistent.h>
         ^~~~~~~~~~~~~~~~~~
1 error generated.
configure:3805: $? = 1
configure: failed program was:
| /* confdefs.h */
| #define PACKAGE_NAME "vowpal_wabbit"
| #define PACKAGE_TARNAME "vowpal_wabbit"
| #define PACKAGE_VERSION "8.4.0"
| #define PACKAGE_STRING "vowpal_wabbit 8.4.0"
| #define PACKAGE_BUGREPORT "jl@hunch.net"
| #define PACKAGE_URL "https://github.com/JohnLangford/vowpal_wabbit"
| #define PACKAGE "vowpal_wabbit"
| #define VERSION "8.4.0"
| /* end confdefs.h.  */
| #include <ac_nonexistent.h>
configure:3830: result: g++ -E
configure:3850: g++ -E  conftest.cpp
configure:3850: $? = 0
configure:3864: g++ -E  conftest.cpp
conftest.cpp:11:10: fatal error: 'ac_nonexistent.h' file not found
#include <ac_nonexistent.h>
         ^~~~~~~~~~~~~~~~~~
1 error generated.
configure:3864: $? = 1
configure: failed program was:
| /* confdefs.h */
| #define PACKAGE_NAME "vowpal_wabbit"
| #define PACKAGE_TARNAME "vowpal_wabbit"
| #define PACKAGE_VERSION "8.4.0"
| #define PACKAGE_STRING "vowpal_wabbit 8.4.0"
| #define PACKAGE_BUGREPORT "jl@hunch.net"
| #define PACKAGE_URL "https://github.com/JohnLangford/vowpal_wabbit"
| #define PACKAGE "vowpal_wabbit"
| #define VERSION "8.4.0"
| /* end confdefs.h.  */
| #include <ac_nonexistent.h>
configure:3902: checking build system type
configure:3916: result: x86_64-apple-darwin17.2.0
configure:3936: checking host system type
configure:3949: result: x86_64-apple-darwin17.2.0
configure:4016: checking how to print strings
configure:4043: result: printf
configure:4112: checking for gcc
configure:4128: found /usr/bin/gcc
configure:4139: result: gcc
configure:4368: checking for C compiler version
configure:4377: gcc --version >&5
Apple LLVM version 9.0.0 (clang-900.0.38)
Target: x86_64-apple-darwin17.2.0
Thread model: posix
InstalledDir: /Applications/Xcode.app/Contents/Developer/Toolchains/XcodeDefault.xctoolchain/usr/bin
Configured with: --prefix=/Applications/Xcode.app/Contents/Developer/usr --with-gxx-include-dir=/usr/include/c++/4.2.1
configure:4388: $? = 0
configure:4377: gcc -v >&5
Configured with: --prefix=/Applications/Xcode.app/Contents/Developer/usr --with-gxx-include-dir=/usr/include/c++/4.2.1
Apple LLVM version 9.0.0 (clang-900.0.38)
Target: x86_64-apple-darwin17.2.0
Thread model: posix
InstalledDir: /Applications/Xcode.app/Contents/Developer/Toolchains/XcodeDefault.xctoolchain/usr/bin
configure:4388: $? = 0
configure:4377: gcc -V >&5
clang: error: argument to '-V' is missing (expected 1 value)
clang: error: no input files
configure:4388: $? = 1
configure:4377: gcc -qversion >&5
clang: error: unknown argument: '-qversion'
clang: error: no input files
configure:4388: $? = 1
configure:4392: checking whether we are using the GNU C compiler
configure:4411: gcc -c   conftest.c >&5
configure:4411: $? = 0
configure:4420: result: yes
configure:4429: checking whether gcc accepts -g
configure:4449: gcc -c -g  conftest.c >&5
configure:4449: $? = 0
configure:4490: result: yes
configure:4507: checking for gcc option to accept ISO C89
configure:4570: gcc  -c -g -O2  conftest.c >&5
configure:4570: $? = 0
configure:4583: result: none needed
configure:4608: checking whether gcc understands -c and -o together
configure:4630: gcc -c conftest.c -o conftest2.o
configure:4633: $? = 0
configure:4630: gcc -c conftest.c -o conftest2.o
configure:4633: $? = 0
configure:4645: result: yes
configure:4664: checking dependency style of gcc
configure:4775: result: gcc3
configure:4790: checking for a sed that does not truncate output
configure:4854: result: /usr/bin/sed
configure:4872: checking for grep that handles long lines and -e
configure:4930: result: /usr/bin/grep
configure:4935: checking for egrep
configure:4997: result: /usr/bin/grep -E
configure:5002: checking for fgrep
configure:5064: result: /usr/bin/grep -F
configure:5099: checking for ld used by gcc
configure:5166: result: /Applications/Xcode.app/Contents/Developer/Toolchains/XcodeDefault.xctoolchain/usr/bin/ld
configure:5173: checking if the linker (/Applications/Xcode.app/Contents/Developer/Toolchains/XcodeDefault.xctoolchain/usr/bin/ld) is GNU ld
configure:5188: result: no
configure:5200: checking for BSD- or MS-compatible name lister (nm)
configure:5254: result: /usr/bin/nm -B
configure:5384: checking the name lister (/usr/bin/nm -B) interface
configure:5391: g++ -c   conftest.cpp >&5
configure:5394: /usr/bin/nm -B "conftest.o"
configure:5397: output
0000000000000000 S _some_variable
configure:5404: result: BSD nm
configure:5407: checking whether ln -s works
configure:5411: result: yes
configure:5419: checking the maximum length of command line arguments
configure:5550: result: 196608
configure:5598: checking how to convert x86_64-apple-darwin17.2.0 file names to x86_64-apple-darwin17.2.0 format
configure:5638: result: func_convert_file_noop
configure:5645: checking how to convert x86_64-apple-darwin17.2.0 file names to toolchain format
configure:5665: result: func_convert_file_noop
configure:5672: checking for /Applications/Xcode.app/Contents/Developer/Toolchains/XcodeDefault.xctoolchain/usr/bin/ld option to reload object files
configure:5679: result: -r
configure:5753: checking for objdump
configure:5769: found /usr/bin/objdump
configure:5780: result: objdump
configure:5812: checking how to recognize dependent libraries
configure:6012: result: pass_all
configure:6097: checking for dlltool
configure:6127: result: no
configure:6157: checking how to associate runtime and link libraries
configure:6184: result: printf %s\n
configure:6245: checking for ar
configure:6261: found /usr/bin/ar
configure:6272: result: ar
configure:6309: checking for archiver @FILE support
configure:6326: g++ -c   conftest.cpp >&5
configure:6326: $? = 0
configure:6329: ar cru libconftest.a @conftest.lst >&5
ar: @conftest.lst: No such file or directory
configure:6332: $? = 1
configure:6352: result: no
configure:6410: checking for strip
configure:6426: found /usr/bin/strip
configure:6437: result: strip
configure:6509: checking for ranlib
configure:6525: found /usr/bin/ranlib
configure:6536: result: ranlib
configure:6638: checking command to parse /usr/bin/nm -B output from gcc object
configure:6791: g++ -c   conftest.cpp >&5
configure:6794: $? = 0
configure:6798: /usr/bin/nm -B conftest.o \| sed -n -e 's/^.*[ ]\([BCDEGRST][BCDEGRST]*\)[ ][ ]*\([_A-Za-z][_A-Za-z0-9]*\)$/\1 \2 \2/p' | sed '/ __gnu_lto/d' \> conftest.nm
configure:6801: $? = 0
cannot find nm_test_var in conftest.nm
configure:6791: g++ -c   conftest.cpp >&5
configure:6794: $? = 0
configure:6798: /usr/bin/nm -B conftest.o \| sed -n -e 's/^.*[ ]\([BCDEGRST][BCDEGRST]*\)[ ][ ]*_\([_A-Za-z][_A-Za-z0-9]*\)$/\1 _\2 \2/p' | sed '/ __gnu_lto/d' \> conftest.nm
configure:6801: $? = 0
configure:6867: g++ -o conftest    conftest.cpp conftstm.o >&5
configure:6870: $? = 0
configure:6908: result: ok
configure:6955: checking for sysroot
configure:6985: result: no
configure:6992: checking for a working dd
configure:7030: result: /bin/dd
configure:7034: checking how to truncate binary pipes
configure:7049: result: /bin/dd bs=4096 count=1
configure:7379: checking for mt
configure:7409: result: no
configure:7429: checking if : is a manifest tool
configure:7435: : '-?'
configure:7443: result: no
configure:7499: checking for dsymutil
configure:7515: found /usr/bin/dsymutil
configure:7526: result: dsymutil
configure:7591: checking for nmedit
configure:7607: found /usr/bin/nmedit
configure:7618: result: nmedit
configure:7683: checking for lipo
configure:7699: found /usr/bin/lipo
configure:7710: result: lipo
configure:7775: checking for otool
configure:7791: found /usr/bin/otool
configure:7802: result: otool
configure:7867: checking for otool64
configure:7897: result: no
configure:7942: checking for -single_module linker flag
gcc -g -O2  -o libconftest.dylib -dynamiclib -Wl,-single_module conftest.c
configure:7975: result: yes
configure:7978: checking for -exported_symbols_list linker flag
configure:7998: g++ -o conftest    -Wl,-exported_symbols_list,conftest.sym conftest.cpp  >&5
configure:7998: $? = 0
configure:8008: result: yes
configure:8011: checking for -force_load linker flag
gcc -g -O2 -c -o conftest.o conftest.c
ar cru libconftest.a conftest.o
ranlib libconftest.a
gcc -g -O2  -o conftest conftest.c -Wl,-force_load,./libconftest.a
configure:8043: result: yes
configure:8120: checking how to run the C preprocessor
configure:8151: gcc -E  conftest.c
configure:8151: $? = 0
configure:8165: gcc -E  conftest.c
conftest.c:11:10: fatal error: 'ac_nonexistent.h' file not found
#include <ac_nonexistent.h>
         ^~~~~~~~~~~~~~~~~~
1 error generated.
configure:8165: $? = 1
configure: failed program was:
| /* confdefs.h */
| #define PACKAGE_NAME "vowpal_wabbit"
| #define PACKAGE_TARNAME "vowpal_wabbit"
| #define PACKAGE_VERSION "8.4.0"
| #define PACKAGE_STRING "vowpal_wabbit 8.4.0"
| #define PACKAGE_BUGREPORT "jl@hunch.net"
| #define PACKAGE_URL "https://github.com/JohnLangford/vowpal_wabbit"
| #define PACKAGE "vowpal_wabbit"
| #define VERSION "8.4.0"
| /* end confdefs.h.  */
| #include <ac_nonexistent.h>
configure:8190: result: gcc -E
configure:8210: gcc -E  conftest.c
configure:8210: $? = 0
configure:8224: gcc -E  conftest.c
conftest.c:11:10: fatal error: 'ac_nonexistent.h' file not found
#include <ac_nonexistent.h>
         ^~~~~~~~~~~~~~~~~~
1 error generated.
configure:8224: $? = 1
configure: failed program was:
| /* confdefs.h */
| #define PACKAGE_NAME "vowpal_wabbit"
| #define PACKAGE_TARNAME "vowpal_wabbit"
| #define PACKAGE_VERSION "8.4.0"
| #define PACKAGE_STRING "vowpal_wabbit 8.4.0"
| #define PACKAGE_BUGREPORT "jl@hunch.net"
| #define PACKAGE_URL "https://github.com/JohnLangford/vowpal_wabbit"
| #define PACKAGE "vowpal_wabbit"
| #define VERSION "8.4.0"
| /* end confdefs.h.  */
| #include <ac_nonexistent.h>
configure:8253: checking for ANSI C header files
configure:8273: gcc -c -g -O2  conftest.c >&5
configure:8273: $? = 0
configure:8346: gcc -o conftest -g -O2   conftest.c  >&5
configure:8346: $? = 0
configure:8346: ./conftest
configure:8346: $? = 0
configure:8357: result: yes
configure:8370: checking for sys/types.h
configure:8370: gcc -c -g -O2  conftest.c >&5
configure:8370: $? = 0
configure:8370: result: yes
configure:8370: checking for sys/stat.h
configure:8370: gcc -c -g -O2  conftest.c >&5
configure:8370: $? = 0
configure:8370: result: yes
configure:8370: checking for stdlib.h
configure:8370: gcc -c -g -O2  conftest.c >&5
configure:8370: $? = 0
configure:8370: result: yes
configure:8370: checking for string.h
configure:8370: gcc -c -g -O2  conftest.c >&5
configure:8370: $? = 0
configure:8370: result: yes
configure:8370: checking for memory.h
configure:8370: gcc -c -g -O2  conftest.c >&5
configure:8370: $? = 0
configure:8370: result: yes
configure:8370: checking for strings.h
configure:8370: gcc -c -g -O2  conftest.c >&5
configure:8370: $? = 0
configure:8370: result: yes
configure:8370: checking for inttypes.h
configure:8370: gcc -c -g -O2  conftest.c >&5
configure:8370: $? = 0
configure:8370: result: yes
configure:8370: checking for stdint.h
configure:8370: gcc -c -g -O2  conftest.c >&5
configure:8370: $? = 0
configure:8370: result: yes
configure:8370: checking for unistd.h
configure:8370: gcc -c -g -O2  conftest.c >&5
configure:8370: $? = 0
configure:8370: result: yes
configure:8384: checking for dlfcn.h
configure:8384: gcc -c -g -O2  conftest.c >&5
configure:8384: $? = 0
configure:8384: result: yes
configure:8650: checking for objdir
configure:8665: result: .libs
configure:8929: checking if gcc supports -fno-rtti -fno-exceptions
configure:8947: gcc -c -g -O2  -fno-rtti -fno-exceptions conftest.c >&5
configure:8951: $? = 0
configure:8964: result: yes
configure:9322: checking for gcc option to produce PIC
configure:9329: result: -fno-common -DPIC
configure:9337: checking if gcc PIC flag -fno-common -DPIC works
configure:9355: gcc -c -g -O2  -fno-common -DPIC -DPIC conftest.c >&5
configure:9359: $? = 0
configure:9372: result: yes
configure:9401: checking if gcc static flag -static works
configure:9429: result: no
configure:9444: checking if gcc supports -c -o file.o
configure:9465: gcc -c -g -O2  -o out/conftest2.o conftest.c >&5
configure:9469: $? = 0
configure:9491: result: yes
configure:9499: checking if gcc supports -c -o file.o
configure:9546: result: yes
configure:9579: checking whether the gcc linker (/Applications/Xcode.app/Contents/Developer/Toolchains/XcodeDefault.xctoolchain/usr/bin/ld) supports shared libraries
configure:10838: result: yes
configure:11078: checking dynamic linker characteristics
configure:11896: result: darwin17.2.0 dyld
configure:12018: checking how to hardcode library paths into programs
configure:12043: result: immediate
configure:12591: checking whether stripping libraries is possible
configure:12605: result: yes
configure:12631: checking if libtool supports shared libraries
configure:12633: result: yes
configure:12636: checking whether to build shared libraries
configure:12661: result: yes
configure:12664: checking whether to build static libraries
configure:12668: result: yes
configure:12691: checking how to run the C++ preprocessor
configure:12757: result: g++ -E
configure:12777: g++ -E  conftest.cpp
configure:12777: $? = 0
configure:12791: g++ -E  conftest.cpp
conftest.cpp:23:10: fatal error: 'ac_nonexistent.h' file not found
#include <ac_nonexistent.h>
         ^~~~~~~~~~~~~~~~~~
1 error generated.
configure:12791: $? = 1
configure: failed program was:
| /* confdefs.h */
| #define PACKAGE_NAME "vowpal_wabbit"
| #define PACKAGE_TARNAME "vowpal_wabbit"
| #define PACKAGE_VERSION "8.4.0"
| #define PACKAGE_STRING "vowpal_wabbit 8.4.0"
| #define PACKAGE_BUGREPORT "jl@hunch.net"
| #define PACKAGE_URL "https://github.com/JohnLangford/vowpal_wabbit"
| #define PACKAGE "vowpal_wabbit"
| #define VERSION "8.4.0"
| #define STDC_HEADERS 1
| #define HAVE_SYS_TYPES_H 1
| #define HAVE_SYS_STAT_H 1
| #define HAVE_STDLIB_H 1
| #define HAVE_STRING_H 1
| #define HAVE_MEMORY_H 1
| #define HAVE_STRINGS_H 1
| #define HAVE_INTTYPES_H 1
| #define HAVE_STDINT_H 1
| #define HAVE_UNISTD_H 1
| #define HAVE_DLFCN_H 1
| #define LT_OBJDIR ".libs/"
| /* end confdefs.h.  */
| #include <ac_nonexistent.h>
configure:12953: checking for ld used by g++
configure:13020: result: /Applications/Xcode.app/Contents/Developer/Toolchains/XcodeDefault.xctoolchain/usr/bin/ld
configure:13027: checking if the linker (/Applications/Xcode.app/Contents/Developer/Toolchains/XcodeDefault.xctoolchain/usr/bin/ld) is GNU ld
configure:13042: result: no
configure:13097: checking whether the g++ linker (/Applications/Xcode.app/Contents/Developer/Toolchains/XcodeDefault.xctoolchain/usr/bin/ld) supports shared libraries
configure:14170: result: yes
configure:14206: g++ -c   conftest.cpp >&5
configure:14209: $? = 0
configure:14690: checking for g++ option to produce PIC
configure:14697: result: -fno-common -DPIC
configure:14705: checking if g++ PIC flag -fno-common -DPIC works
configure:14723: g++ -c   -fno-common -DPIC -DPIC conftest.cpp >&5
configure:14727: $? = 0
configure:14740: result: yes
configure:14763: checking if g++ static flag -static works
configure:14791: result: no
configure:14803: checking if g++ supports -c -o file.o
configure:14824: g++ -c   -o out/conftest2.o conftest.cpp >&5
configure:14828: $? = 0
configure:14850: result: yes
configure:14855: checking if g++ supports -c -o file.o
configure:14902: result: yes
configure:14932: checking whether the g++ linker (/Applications/Xcode.app/Contents/Developer/Toolchains/XcodeDefault.xctoolchain/usr/bin/ld) supports shared libraries
configure:14972: result: yes
configure:15113: checking dynamic linker characteristics
configure:15858: result: darwin17.2.0 dyld
configure:15923: checking how to hardcode library paths into programs
configure:15948: result: immediate
configure:16016: checking whether g++ supports C++11 features by default
configure:16050: g++ -c   conftest.cpp >&5
conftest.cpp:27:21: error: expected parameter declarator
      static_assert(sizeof(int) <= sizeof(T), "not big enough");
                    ^
conftest.cpp:27:21: error: expected ')'
conftest.cpp:27:20: note: to match this '('
      static_assert(sizeof(int) <= sizeof(T), "not big enough");
                   ^
conftest.cpp:27:7: error: C++ requires a type specifier for all declarations
      static_assert(sizeof(int) <= sizeof(T), "not big enough");
      ^
conftest.cpp:34:22: warning: 'override' keyword is a C++11 extension [-Wc++11-extensions]
    virtual void f() override {}
                     ^
conftest.cpp:37:29: error: a space is required between consecutive right angle brackets (use '> >')
    typedef check<check<bool>> right_angle_brackets;
                            ^~
                            > >
conftest.cpp:40:5: error: unknown type name 'decltype'
    decltype(a) b;
    ^
conftest.cpp:40:16: error: expected ';' after top level declarator
    decltype(a) b;
               ^
               ;
conftest.cpp:44:15: warning: rvalue references are a C++11 extension [-Wc++11-extensions]
    check_type&& cr = static_cast<check_type&&>(c);
              ^
conftest.cpp:44:45: warning: rvalue references are a C++11 extension [-Wc++11-extensions]
    check_type&& cr = static_cast<check_type&&>(c);
                                            ^
conftest.cpp:46:5: warning: 'auto' type specifier is a C++11 extension [-Wc++11-extensions]
    auto d = a;
    ^
conftest.cpp:47:5: warning: 'auto' type specifier is a C++11 extension [-Wc++11-extensions]
    auto l = [](){};
    ^
conftest.cpp:47:14: error: expected expression
    auto l = [](){};
             ^
5 warnings and 7 errors generated.
configure:16050: $? = 1
configure: failed program was:
| /* confdefs.h */
| #define PACKAGE_NAME "vowpal_wabbit"
| #define PACKAGE_TARNAME "vowpal_wabbit"
| #define PACKAGE_VERSION "8.4.0"
| #define PACKAGE_STRING "vowpal_wabbit 8.4.0"
| #define PACKAGE_BUGREPORT "jl@hunch.net"
| #define PACKAGE_URL "https://github.com/JohnLangford/vowpal_wabbit"
| #define PACKAGE "vowpal_wabbit"
| #define VERSION "8.4.0"
| #define STDC_HEADERS 1
| #define HAVE_SYS_TYPES_H 1
| #define HAVE_SYS_STAT_H 1
| #define HAVE_STDLIB_H 1
| #define HAVE_STRING_H 1
| #define HAVE_MEMORY_H 1
| #define HAVE_STRINGS_H 1
| #define HAVE_INTTYPES_H 1
| #define HAVE_STDINT_H 1
| #define HAVE_UNISTD_H 1
| #define HAVE_DLFCN_H 1
| #define LT_OBJDIR ".libs/"
| /* end confdefs.h.  */
| 
|   template <typename T>
|     struct check
|     {
|       static_assert(sizeof(int) <= sizeof(T), "not big enough");
|     };
| 
|     struct Base {
|     virtual void f() {}
|     };
|     struct Child : public Base {
|     virtual void f() override {}
|     };
| 
|     typedef check<check<bool>> right_angle_brackets;
| 
|     int a;
|     decltype(a) b;
| 
|     typedef check<int> check_type;
|     check_type c;
|     check_type&& cr = static_cast<check_type&&>(c);
| 
|     auto d = a;
|     auto l = [](){};
| 
configure:16057: result: no
configure:16066: checking whether g++ supports C++11 features with -std=gnu++11
configure:16102: g++ -c  -std=gnu++11  conftest.cpp >&5
configure:16102: $? = 0
configure:16111: result: yes
configure:16204: checking for ANSI C header files
configure:16308: result: yes
configure:16365: checking for boostlib >= 1.0
configure:16434: g++ -c  -std=gnu++11  -I/usr/local/include conftest.cpp >&5
configure:16434: $? = 0
configure:16436: result: yes
configure:16614: checking whether the Boost::Program_Options library is available
configure:16638: g++ -c  -std=gnu++11  -I/usr/local/include conftest.cpp >&5
configure:16638: $? = 0
configure:16652: result: yes
configure:16663: checking for exit in -lboost_program_options-mt
configure:16688: g++ -o conftest  -std=gnu++11  -I/usr/local/include  -L/usr/local/lib conftest.cpp -lboost_program_options-mt   >&5
configure:16688: $? = 0
configure:16698: result: yes
configure:16813: checking if zlib is wanted
configure:16834: result: yes
configure:17021: checking for pthread_join in LIBS=-lpthread with CFLAGS=
configure:17041: gcc -o conftest -g -O2    conftest.c -lpthread  >&5
configure:17041: $? = 0
configure:17046: result: yes
configure:17233: checking for joinable pthread attribute
configure:17248: gcc -o conftest -g -O2    conftest.c -lpthread  >&5
configure:17248: $? = 0
configure:17254: result: PTHREAD_CREATE_JOINABLE
configure:17264: checking if more special flags are required for pthreads
configure:17278: result: -D_THREAD_SAFE
configure:17284: checking for PTHREAD_PRIO_INHERIT
configure:17302: gcc -o conftest -g -O2    conftest.c -lpthread  >&5
configure:17302: $? = 0
configure:17311: result: yes
configure:17604: checking that generated files are newer than configure
configure:17610: result: done
configure:17661: creating ./config.status

## ---------------------- ##
## Running config.status. ##
## ---------------------- ##

This file was extended by vowpal_wabbit config.status 8.4.0, which was
generated by GNU Autoconf 2.69.  Invocation command line was

  CONFIG_FILES    = 
  CONFIG_HEADERS  = 
  CONFIG_LINKS    = 
  CONFIG_COMMANDS = 
  $ ./config.status 

on Scott-MBP

config.status:1176: creating Makefile
config.status:1176: creating vowpalwabbit/Makefile
config.status:1176: creating cluster/Makefile
config.status:1176: creating library/Makefile
config.status:1176: creating libvw.pc
config.status:1176: creating libvw_c_wrapper.pc
config.status:1176: creating vowpalwabbit/config.h
config.status:1357: vowpalwabbit/config.h is unchanged
config.status:1405: executing depfiles commands
config.status:1405: executing libtool commands

## ---------------- ##
## Cache variables. ##
## ---------------- ##

ac_cv_build=x86_64-apple-darwin17.2.0
ac_cv_c_compiler_gnu=yes
ac_cv_cxx_compiler_gnu=yes
ac_cv_env_CCC_set=
ac_cv_env_CCC_value=
ac_cv_env_CC_set=
ac_cv_env_CC_value=
ac_cv_env_CFLAGS_set=
ac_cv_env_CFLAGS_value=
ac_cv_env_CPPFLAGS_set=
ac_cv_env_CPPFLAGS_value=
ac_cv_env_CPP_set=
ac_cv_env_CPP_value=
ac_cv_env_CXXCPP_set=
ac_cv_env_CXXCPP_value=
ac_cv_env_CXXFLAGS_set=
ac_cv_env_CXXFLAGS_value=
ac_cv_env_CXX_set=set
ac_cv_env_CXX_value=g++
ac_cv_env_LDFLAGS_set=
ac_cv_env_LDFLAGS_value=
ac_cv_env_LIBS_set=
ac_cv_env_LIBS_value=
ac_cv_env_LT_SYS_LIBRARY_PATH_set=
ac_cv_env_LT_SYS_LIBRARY_PATH_value=
ac_cv_env_build_alias_set=
ac_cv_env_build_alias_value=
ac_cv_env_host_alias_set=
ac_cv_env_host_alias_value=
ac_cv_env_target_alias_set=
ac_cv_env_target_alias_value=
ac_cv_header_dlfcn_h=yes
ac_cv_header_inttypes_h=yes
ac_cv_header_memory_h=yes
ac_cv_header_stdc=yes
ac_cv_header_stdint_h=yes
ac_cv_header_stdlib_h=yes
ac_cv_header_string_h=yes
ac_cv_header_strings_h=yes
ac_cv_header_sys_stat_h=yes
ac_cv_header_sys_types_h=yes
ac_cv_header_unistd_h=yes
ac_cv_host=x86_64-apple-darwin17.2.0
ac_cv_lib_boost_program_options_mt___exit=yes
ac_cv_objext=o
ac_cv_path_EGREP='/usr/bin/grep -E'
ac_cv_path_FGREP='/usr/bin/grep -F'
ac_cv_path_GREP=/usr/bin/grep
ac_cv_path_SED=/usr/bin/sed
ac_cv_path_install='/usr/bin/install -c'
ac_cv_path_lt_DD=/bin/dd
ac_cv_prog_AWK=awk
ac_cv_prog_CPP='gcc -E'
ac_cv_prog_CXXCPP='g++ -E'
ac_cv_prog_ac_ct_AR=ar
ac_cv_prog_ac_ct_CC=gcc
ac_cv_prog_ac_ct_DSYMUTIL=dsymutil
ac_cv_prog_ac_ct_LIPO=lipo
ac_cv_prog_ac_ct_NMEDIT=nmedit
ac_cv_prog_ac_ct_OBJDUMP=objdump
ac_cv_prog_ac_ct_OTOOL=otool
ac_cv_prog_ac_ct_RANLIB=ranlib
ac_cv_prog_ac_ct_STRIP=strip
ac_cv_prog_cc_c89=
ac_cv_prog_cc_g=yes
ac_cv_prog_cxx_g=yes
ac_cv_prog_make_make_set=yes
am_cv_CC_dependencies_compiler_type=gcc3
am_cv_CXX_dependencies_compiler_type=gcc3
am_cv_make_support_nested_variables=yes
am_cv_prog_cc_c_o=yes
ax_cv_PTHREAD_PRIO_INHERIT=yes
ax_cv_boost_program_options=yes
ax_cv_cxx_compile_cxx11=no
ax_cv_cxx_compile_cxx11__std_gnupp11=yes
lt_cv_apple_cc_single_mod=yes
lt_cv_ar_at_file=no
lt_cv_deplibs_check_method=pass_all
lt_cv_file_magic_cmd='$MAGIC_CMD'
lt_cv_file_magic_test_file=
lt_cv_ld_exported_symbols_list=yes
lt_cv_ld_force_load=yes
lt_cv_ld_reload_flag=-r
lt_cv_nm_interface='BSD nm'
lt_cv_objdir=.libs
lt_cv_path_LD=/Applications/Xcode.app/Contents/Developer/Toolchains/XcodeDefault.xctoolchain/usr/bin/ld
lt_cv_path_LDCXX=/Applications/Xcode.app/Contents/Developer/Toolchains/XcodeDefault.xctoolchain/usr/bin/ld
lt_cv_path_NM='/usr/bin/nm -B'
lt_cv_path_mainfest_tool=no
lt_cv_prog_compiler_c_o=yes
lt_cv_prog_compiler_c_o_CXX=yes
lt_cv_prog_compiler_pic='-fno-common -DPIC'
lt_cv_prog_compiler_pic_CXX='-fno-common -DPIC'
lt_cv_prog_compiler_pic_works=yes
lt_cv_prog_compiler_pic_works_CXX=yes
lt_cv_prog_compiler_rtti_exceptions=yes
lt_cv_prog_compiler_static_works=no
lt_cv_prog_compiler_static_works_CXX=no
lt_cv_prog_gnu_ld=no
lt_cv_prog_gnu_ldcxx=no
lt_cv_sharedlib_from_linklib_cmd='printf %s\n'
lt_cv_sys_global_symbol_pipe='sed -n -e '\''s/^.*[	 ]\([BCDEGRST][BCDEGRST]*\)[	 ][	 ]*_\([_A-Za-z][_A-Za-z0-9]*\)$/\1 _\2 \2/p'\'' | sed '\''/ __gnu_lto/d'\'''
lt_cv_sys_global_symbol_to_c_name_address='sed -n -e '\''s/^: \(.*\) .*$/  {"\1", (void *) 0},/p'\'' -e '\''s/^[BCDEGRST][BCDEGRST]* .* \(.*\)$/  {"\1", (void *) \&\1},/p'\'''
lt_cv_sys_global_symbol_to_c_name_address_lib_prefix='sed -n -e '\''s/^: \(.*\) .*$/  {"\1", (void *) 0},/p'\'' -e '\''s/^[BCDEGRST][BCDEGRST]* .* \(lib.*\)$/  {"\1", (void *) \&\1},/p'\'' -e '\''s/^[BCDEGRST][BCDEGRST]* .* \(.*\)$/  {"lib\1", (void *) \&\1},/p'\'''
lt_cv_sys_global_symbol_to_cdecl='sed -n -e '\''s/^T .* \(.*\)$/extern int \1();/p'\'' -e '\''s/^[BCDEGRST][BCDEGRST]* .* \(.*\)$/extern char \1;/p'\'''
lt_cv_sys_global_symbol_to_import=
lt_cv_sys_max_cmd_len=196608
lt_cv_to_host_file_cmd=func_convert_file_noop
lt_cv_to_tool_file_cmd=func_convert_file_noop
lt_cv_truncate_bin='/bin/dd bs=4096 count=1'

## ----------------- ##
## Output variables. ##
## ----------------- ##

ACLOCAL='${SHELL} /Users/scottgraham/repos/vowpal_wabbit/missing aclocal-1.15'
AMDEPBACKSLASH='\'
AMDEP_FALSE='#'
AMDEP_TRUE=''
AMTAR='$${TAR-tar}'
AM_BACKSLASH='\'
AM_DEFAULT_V='$(AM_DEFAULT_VERBOSITY)'
AM_DEFAULT_VERBOSITY='1'
AM_V='$(V)'
AR='ar'
AUTOCONF='${SHELL} /Users/scottgraham/repos/vowpal_wabbit/missing autoconf'
AUTOHEADER='${SHELL} /Users/scottgraham/repos/vowpal_wabbit/missing autoheader'
AUTOMAKE='${SHELL} /Users/scottgraham/repos/vowpal_wabbit/missing automake-1.15'
AWK='awk'
BOOST_CPPFLAGS='-I/usr/local/include'
BOOST_LDFLAGS='-L/usr/local/lib'
BOOST_PROGRAM_OPTIONS_LIB='-lboost_program_options-mt'
CC='gcc'
CCDEPMODE='depmode=gcc3'
CFLAGS='-g -O2'
CLANG_LIBCXX_FALSE=''
CLANG_LIBCXX_TRUE='#'
CPP='gcc -E'
CPPFLAGS=''
CXX='g++'
CXXCPP='g++ -E'
CXXDEPMODE='depmode=gcc3'
CXXFLAGS=' -std=gnu++11'
CYGPATH_W='echo'
DEFS='-DHAVE_CONFIG_H'
DEPDIR='.deps'
DLLTOOL='false'
DSYMUTIL='dsymutil'
DUMPBIN=''
ECHO_C='\c'
ECHO_N=''
ECHO_T=''
EGREP='/usr/bin/grep -E'
EXEEXT=''
FGREP='/usr/bin/grep -F'
FREEBSD_FALSE=''
FREEBSD_TRUE='#'
GREP='/usr/bin/grep'
HAVE_CXX11=''
INSTALL_DATA='${INSTALL} -m 644'
INSTALL_PROGRAM='${INSTALL}'
INSTALL_SCRIPT='${INSTALL}'
INSTALL_STRIP_PROGRAM='$(install_sh) -c -s'
LD='/Applications/Xcode.app/Contents/Developer/Toolchains/XcodeDefault.xctoolchain/usr/bin/ld'
LDFLAGS=''
LIBOBJS=''
LIBS=''
LIBTOOL='$(SHELL) $(top_builddir)/libtool'
LIPO='lipo'
LN_S='ln -s'
LTLIBOBJS=''
LT_SYS_LIBRARY_PATH=''
MAKEINFO='${SHELL} /Users/scottgraham/repos/vowpal_wabbit/missing makeinfo'
MANIFEST_TOOL=':'
MKDIR_P='./install-sh -c -d'
NITPICK_FALSE=''
NITPICK_TRUE='#'
NM='/usr/bin/nm -B'
NMEDIT='nmedit'
OBJDUMP='objdump'
OBJEXT='o'
OTOOL64=':'
OTOOL='otool'
PACKAGE='vowpal_wabbit'
PACKAGE_BUGREPORT='jl@hunch.net'
PACKAGE_NAME='vowpal_wabbit'
PACKAGE_STRING='vowpal_wabbit 8.4.0'
PACKAGE_TARNAME='vowpal_wabbit'
PACKAGE_URL='https://github.com/JohnLangford/vowpal_wabbit'
PACKAGE_VERSION='8.4.0'
PARALLELIZE_FALSE=''
PARALLELIZE_TRUE='#'
PATH_SEPARATOR=':'
PROFILE_FALSE=''
PROFILE_TRUE='#'
PTHREAD_CC='gcc'
PTHREAD_CFLAGS='-D_THREAD_SAFE '
PTHREAD_LIBS='-lpthread'
RANLIB='ranlib'
SED='/usr/bin/sed'
SET_MAKE=''
SHELL='/bin/sh'
STRIP='strip'
VERSION='8.4.0'
VWBUG_FALSE=''
VWBUG_TRUE='#'
ZLIB_CPPFLAGS='-I/include'
ZLIB_LDFLAGS='-L/lib -lz'
ac_ct_AR='ar'
ac_ct_CC='gcc'
ac_ct_CXX=''
ac_ct_DUMPBIN=''
am__EXEEXT_FALSE=''
am__EXEEXT_TRUE='#'
am__fastdepCC_FALSE='#'
am__fastdepCC_TRUE=''
am__fastdepCXX_FALSE='#'
am__fastdepCXX_TRUE=''
am__include='include'
am__isrc=''
am__leading_dot='.'
am__nodep='_no'
am__quote=''
am__tar='$${TAR-tar} chof - "$$tardir"'
am__untar='$${TAR-tar} xf -'
ax_pthread_config=''
bindir='${exec_prefix}/bin'
build='x86_64-apple-darwin17.2.0'
build_alias=''
build_cpu='x86_64'
build_os='darwin17.2.0'
build_vendor='apple'
datadir='${datarootdir}'
datarootdir='${prefix}/share'
docdir='${datarootdir}/doc/${PACKAGE_TARNAME}'
dvidir='${docdir}'
exec_prefix='${prefix}'
host='x86_64-apple-darwin17.2.0'
host_alias=''
host_cpu='x86_64'
host_os='darwin17.2.0'
host_vendor='apple'
htmldir='${docdir}'
includedir='${prefix}/include'
infodir='${datarootdir}/info'
install_sh='${SHELL} /Users/scottgraham/repos/vowpal_wabbit/install-sh'
libdir='${exec_prefix}/lib'
libexecdir='${exec_prefix}/libexec'
localedir='${datarootdir}/locale'
localstatedir='${prefix}/var'
mandir='${datarootdir}/man'
mkdir_p='$(MKDIR_P)'
oldincludedir='/usr/include'
pdfdir='${docdir}'
prefix='/usr/local'
program_transform_name='s,x,x,'
psdir='${docdir}'
sbindir='${exec_prefix}/sbin'
sharedstatedir='${prefix}/com'
sysconfdir='${prefix}/etc'
target_alias=''

## ----------- ##
## confdefs.h. ##
## ----------- ##

/* confdefs.h */
#define PACKAGE_NAME "vowpal_wabbit"
#define PACKAGE_TARNAME "vowpal_wabbit"
#define PACKAGE_VERSION "8.4.0"
#define PACKAGE_STRING "vowpal_wabbit 8.4.0"
#define PACKAGE_BUGREPORT "jl@hunch.net"
#define PACKAGE_URL "https://github.com/JohnLangford/vowpal_wabbit"
#define PACKAGE "vowpal_wabbit"
#define VERSION "8.4.0"
#define STDC_HEADERS 1
#define HAVE_SYS_TYPES_H 1
#define HAVE_SYS_STAT_H 1
#define HAVE_STDLIB_H 1
#define HAVE_STRING_H 1
#define HAVE_MEMORY_H 1
#define HAVE_STRINGS_H 1
#define HAVE_INTTYPES_H 1
#define HAVE_STDINT_H 1
#define HAVE_UNISTD_H 1
#define HAVE_DLFCN_H 1
#define LT_OBJDIR ".libs/"
#define STDC_HEADERS 1
#define HAVE_BOOST /**/
#define HAVE_BOOST_PROGRAM_OPTIONS /**/
#define HAVE_PTHREAD_PRIO_INHERIT 1
#define HAVE_PTHREAD 1

configure: exit 0
